SF:lib\controllers\app_update_manager.dart
DA:12,6
DA:13,4
DA:14,2
DA:28,2
DA:29,2
DA:30,2
DA:31,2
DA:32,2
DA:36,2
DA:37,2
DA:38,1
DA:43,2
DA:46,4
DA:47,2
DA:50,4
DA:53,4
DA:55,1
DA:56,1
DA:59,1
DA:63,0
DA:69,0
DA:70,0
DA:74,1
DA:75,1
DA:76,0
DA:81,1
DA:82,1
DA:83,1
DA:84,1
DA:87,1
DA:90,1
DA:93,2
DA:96,0
DA:97,0
DA:100,0
DA:101,0
DA:104,0
DA:106,0
DA:112,1
DA:116,0
DA:119,1
DA:124,1
DA:126,1
DA:127,2
DA:130,0
DA:131,0
DA:136,0
DA:142,1
DA:143,1
DA:144,0
DA:149,0
DA:150,0
DA:151,0
DA:154,0
DA:155,0
DA:160,0
DA:161,0
DA:164,0
DA:165,0
DA:166,0
DA:167,0
DA:173,0
DA:174,0
DA:175,0
DA:179,0
DA:180,0
DA:181,0
DA:182,0
DA:184,0
DA:185,0
DA:187,0
DA:188,0
DA:189,0
DA:196,1
DA:197,1
DA:199,3
DA:201,2
DA:202,0
DA:203,0
DA:208,2
DA:209,3
DA:210,2
DA:214,1
DA:215,1
DA:216,1
DA:221,0
DA:222,0
DA:224,0
DA:230,1
DA:231,2
DA:235,1
DA:236,2
DA:240,1
DA:241,2
DA:245,1
DA:246,2
DA:247,0
DA:248,0
DA:249,0
DA:252,0
DA:254,0
DA:257,0
DA:262,2
DA:263,2
DA:265,2
DA:266,4
DA:267,4
DA:268,2
DA:269,2
DA:270,2
LF:110
LH:61
end_of_record
SF:lib\services\update_service.dart
DA:15,21
DA:16,14
DA:17,7
DA:41,6
DA:42,9
DA:45,2
DA:47,2
DA:48,0
DA:49,0
DA:52,0
DA:55,0
DA:57,0
DA:58,0
DA:61,1
DA:67,1
DA:70,1
DA:71,0
DA:75,1
DA:77,1
DA:78,1
DA:79,1
DA:83,1
DA:85,2
DA:86,0
DA:89,0
DA:91,0
DA:92,0
DA:93,0
DA:96,0
DA:97,0
DA:98,0
DA:99,0
DA:103,0
DA:107,0
DA:110,0
DA:111,0
DA:112,0
DA:113,0
DA:114,0
DA:115,0
DA:119,0
DA:120,0
DA:122,0
DA:124,0
DA:125,0
DA:129,0
DA:132,0
DA:134,0
DA:138,0
DA:141,0
DA:143,0
DA:149,2
DA:150,0
DA:152,3
DA:155,0
DA:157,0
DA:168,0
DA:169,0
DA:173,0
DA:176,0
DA:177,0
DA:178,0
DA:185,0
DA:186,0
DA:187,0
DA:188,0
DA:190,0
DA:192,0
DA:198,0
DA:199,0
DA:200,0
DA:201,0
DA:204,0
DA:207,0
DA:210,0
DA:215,0
DA:216,0
DA:217,0
DA:220,0
DA:221,0
DA:222,0
DA:224,0
DA:226,0
DA:227,0
DA:231,0
DA:232,0
DA:233,0
DA:238,0
DA:239,0
DA:242,0
DA:243,0
DA:246,0
DA:247,0
DA:250,0
DA:251,0
DA:255,0
DA:257,0
DA:259,0
DA:260,0
DA:261,0
DA:262,0
DA:264,0
DA:265,0
DA:268,0
DA:269,0
DA:270,0
DA:271,0
DA:272,0
DA:275,0
DA:276,0
DA:279,0
DA:284,0
DA:285,0
DA:286,0
DA:287,0
DA:289,0
DA:290,0
DA:291,0
DA:294,0
DA:297,0
DA:305,0
DA:307,0
DA:309,0
DA:314,0
DA:317,0
DA:320,0
DA:324,0
DA:328,0
DA:329,0
DA:331,0
DA:333,0
DA:336,0
DA:337,0
DA:339,0
DA:349,0
DA:350,0
DA:351,0
DA:352,0
DA:360,0
DA:361,0
DA:364,0
DA:365,0
DA:366,0
DA:367,0
DA:374,0
DA:380,0
DA:381,0
DA:384,0
DA:385,0
DA:391,0
DA:395,0
DA:396,0
DA:398,0
DA:401,0
DA:402,0
DA:403,0
DA:405,0
DA:408,0
DA:409,0
DA:415,0
DA:416,0
DA:418,0
DA:422,0
DA:423,0
DA:424,0
DA:429,0
DA:431,0
DA:432,0
DA:437,0
DA:438,0
DA:443,0
DA:444,0
DA:450,0
DA:452,0
DA:457,0
DA:459,0
DA:460,0
DA:466,0
DA:467,0
DA:474,0
DA:475,0
DA:477,0
DA:484,0
DA:485,0
DA:491,0
DA:494,0
DA:500,0
DA:501,0
DA:507,0
DA:509,0
DA:514,0
DA:515,0
DA:516,0
DA:521,0
DA:523,0
DA:524,0
DA:525,0
DA:528,0
DA:529,0
DA:532,0
DA:533,0
DA:538,2
DA:539,2
DA:540,2
DA:541,2
DA:546,0
DA:550,0
DA:552,0
DA:554,0
DA:556,0
DA:557,0
DA:559,0
DA:560,0
DA:564,0
DA:565,0
DA:569,0
DA:571,0
DA:576,0
DA:577,0
DA:581,0
DA:582,0
DA:583,0
DA:584,0
DA:585,0
DA:586,0
DA:590,0
DA:593,0
DA:594,0
DA:596,0
DA:597,0
DA:600,0
DA:601,0
DA:603,0
DA:604,0
DA:608,0
DA:611,0
DA:614,0
DA:623,0
DA:624,0
DA:625,0
DA:626,0
DA:630,0
DA:631,0
DA:632,0
DA:633,0
DA:634,0
DA:639,8
DA:642,0
DA:643,0
DA:644,0
DA:645,0
DA:649,0
DA:650,0
DA:654,0
DA:655,0
DA:660,3
DA:661,6
DA:662,6
DA:663,6
DA:678,5
DA:689,10
DA:691,1
DA:692,1
DA:693,1
DA:694,1
DA:695,1
DA:696,1
DA:697,1
DA:698,1
DA:699,1
DA:700,4
DA:701,1
DA:703,3
DA:707,1
DA:708,1
DA:709,1
DA:710,1
DA:711,1
DA:712,1
DA:713,1
DA:714,1
DA:715,2
DA:716,2
DA:721,2
DA:723,4
DA:726,4
DA:727,4
DA:729,4
DA:732,6
DA:733,6
DA:736,4
DA:737,1
DA:739,4
DA:740,1
DA:743,4
DA:745,4
DA:746,6
DA:747,4
DA:748,1
DA:750,6
DA:751,8
DA:757,2
DA:758,2
DA:760,14
DA:762,6
DA:764,2
DA:765,2
DA:766,2
DA:767,2
DA:768,1
DA:771,0
DA:773,4
DA:775,1
DA:776,1
DA:777,4
DA:779,1
DA:783,2
DA:786,2
DA:802,1
DA:812,5
DA:813,6
DA:815,1
DA:816,3
DA:817,4
DA:820,1
DA:821,1
DA:822,1
DA:823,2
DA:824,4
DA:825,2
DA:826,4
DA:828,2
DA:832,1
DA:833,2
DA:834,5
DA:835,4
LF:336
LH:103
end_of_record
SF:lib\services\network_service.dart
DA:8,24
DA:9,16
DA:10,8
DA:20,12
DA:21,6
DA:24,1
DA:26,1
DA:29,4
DA:30,0
DA:31,0
DA:36,2
DA:38,0
DA:41,1
DA:44,0
DA:50,1
DA:52,1
DA:54,2
DA:55,0
DA:56,0
DA:57,0
DA:60,0
DA:61,0
DA:62,0
DA:67,0
DA:68,0
DA:70,0
DA:71,0
DA:72,0
DA:73,0
DA:78,1
DA:80,2
DA:83,0
DA:88,0
DA:90,0
DA:95,0
DA:97,0
DA:102,0
DA:103,0
DA:108,0
DA:111,1
DA:117,0
DA:119,0
DA:120,0
DA:121,0
DA:129,3
DA:130,3
DA:131,3
DA:133,3
DA:135,3
DA:136,3
DA:142,1
DA:143,1
DA:144,1
DA:146,1
DA:148,1
DA:150,1
DA:156,3
DA:157,3
DA:158,3
DA:160,3
DA:162,3
DA:164,3
DA:170,3
DA:171,6
DA:177,3
DA:178,3
DA:181,3
DA:188,6
DA:189,6
DA:191,3
DA:192,6
DA:193,3
DA:194,9
DA:196,3
DA:201,4
DA:202,5
DA:203,5
DA:204,8
LF:78
LH:50
end_of_record
SF:lib\models\update_preferences.dart
DA:17,1
DA:26,1
DA:27,1
DA:29,1
DA:30,1
DA:31,1
DA:32,1
DA:33,2
DA:34,1
DA:35,4
DA:36,1
DA:42,1
DA:43,1
DA:45,2
DA:46,2
DA:47,2
DA:48,2
DA:49,3
DA:53,1
DA:54,2
DA:55,4
DA:60,1
DA:61,6
DA:65,1
DA:66,2
DA:70,1
DA:71,2
DA:75,1
DA:82,1
DA:83,1
DA:84,1
DA:85,1
DA:86,1
DA:87,1
DA:91,1
DA:93,2
DA:94,1
DA:95,1
DA:96,2
DA:97,2
LF:40
LH:40
end_of_record
SF:lib\utils\logger.dart
DA:15,9
DA:18,4
DA:19,8
DA:20,13
DA:25,3
DA:26,6
DA:27,10
DA:32,2
DA:33,4
DA:34,7
DA:39,3
DA:40,6
DA:41,10
DA:43,9
DA:49,1
DA:50,1
DA:54,1
DA:55,1
DA:59,1
DA:60,1
DA:64,1
DA:65,1
DA:69,1
DA:74,1
DA:75,1
DA:76,1
DA:77,1
LF:27
LH:27
end_of_record
SF:lib\services\notification_service.dart
DA:19,3
DA:29,3
DA:35,3
DA:36,9
DA:40,3
DA:46,2
DA:52,2
DA:53,6
DA:57,2
DA:63,3
DA:69,3
DA:70,9
DA:74,3
DA:80,3
DA:86,3
DA:87,9
DA:91,3
DA:99,39
DA:100,26
DA:101,13
DA:107,9
DA:108,6
DA:110,3
DA:116,3
DA:122,3
DA:125,2
DA:131,2
DA:137,2
DA:140,3
DA:146,3
DA:152,3
DA:155,3
DA:161,3
DA:167,3
DA:170,3
DA:171,6
DA:172,6
DA:177,3
DA:178,7
DA:179,2
DA:184,2
DA:185,7
DA:188,2
DA:189,4
DA:192,2
DA:193,10
DA:196,2
DA:197,12
DA:200,9
DA:202,2
DA:203,4
LF:51
LH:51
end_of_record
SF:lib\services\smart_notification_service.dart
DA:7,33
DA:8,22
DA:9,11
DA:42,6
DA:43,3
DA:46,2
DA:53,2
DA:54,4
DA:60,2
DA:65,1
DA:72,1
DA:73,2
DA:79,1
DA:84,2
DA:91,2
DA:92,4
DA:98,2
DA:103,2
DA:110,2
DA:111,4
DA:117,2
DA:122,1
DA:127,1
DA:130,1
DA:131,2
DA:132,2
DA:135,2
DA:136,4
DA:138,1
DA:144,1
DA:150,2
DA:155,1
DA:160,1
DA:163,1
DA:164,2
DA:165,2
DA:168,2
DA:173,2
DA:174,4
DA:177,4
DA:178,1
DA:181,2
DA:186,2
DA:196,2
DA:201,2
DA:206,2
DA:207,4
DA:208,4
DA:211,4
DA:214,2
DA:219,0
DA:228,2
DA:229,2
DA:230,6
DA:231,4
DA:235,2
DA:236,4
DA:237,4
DA:238,4
DA:239,0
DA:241,4
DA:245,1
DA:246,2
DA:249,1
DA:250,2
DA:251,1
DA:254,1
DA:255,2
DA:258,1
DA:259,2
DA:262,3
DA:264,2
DA:265,2
DA:266,4
DA:270,0
DA:276,0
DA:279,0
DA:282,0
DA:287,2
DA:288,2
DA:289,4
DA:290,4
DA:291,4
DA:292,2
DA:293,2
DA:294,2
LF:86
LH:80
end_of_record
SF:lib\services\theme_service.dart
DA:12,6
DA:13,4
DA:14,2
DA:21,3
DA:22,3
DA:28,2
DA:29,2
DA:30,0
DA:32,1
DA:33,1
DA:34,1
DA:37,1
DA:38,3
DA:39,2
DA:40,1
DA:43,2
DA:46,2
DA:47,2
DA:50,2
DA:53,2
DA:54,2
DA:58,4
DA:59,1
DA:60,3
DA:61,1
DA:65,1
DA:66,1
DA:67,3
DA:68,1
DA:71,1
DA:72,1
DA:73,1
DA:74,1
DA:76,1
DA:77,1
DA:79,1
DA:80,1
DA:85,1
DA:86,1
DA:87,1
DA:89,1
DA:90,1
DA:91,1
DA:92,1
DA:98,2
DA:99,2
DA:102,2
DA:106,2
DA:111,2
DA:112,2
DA:115,2
DA:123,1
DA:124,1
DA:125,1
DA:127,1
DA:129,1
DA:134,1
DA:135,1
DA:136,1
DA:138,1
DA:140,1
DA:145,1
DA:146,2
DA:147,2
DA:153,1
DA:154,3
DA:159,1
DA:160,3
DA:165,6
DA:166,18
DA:168,6
DA:171,2
DA:172,6
DA:174,2
DA:177,9
DA:178,27
DA:180,9
DA:183,9
DA:184,27
DA:185,5
DA:186,9
DA:189,7
DA:190,21
DA:191,3
DA:192,7
DA:195,1
DA:196,3
DA:197,1
DA:198,1
DA:202,2
DA:203,6
DA:204,2
DA:205,2
DA:208,1
DA:209,3
DA:210,1
DA:211,1
DA:214,1
DA:215,3
DA:216,1
DA:217,1
DA:220,2
DA:221,6
DA:222,2
DA:223,2
LF:105
LH:104
end_of_record
SF:lib\utils\responsive_utils.dart
DA:34,7
DA:35,21
DA:37,7
DA:39,7
DA:47,2
DA:48,4
DA:49,2
DA:55,1
DA:56,2
DA:60,1
DA:61,2
DA:65,5
DA:66,10
DA:70,2
DA:71,4
DA:75,1
DA:76,2
DA:80,3
DA:81,3
DA:85,3
DA:88,3
DA:91,3
DA:96,3
DA:100,3
DA:101,3
DA:105,3
DA:106,2
DA:108,3
DA:109,2
DA:111,3
DA:112,3
DA:116,3
DA:120,4
DA:121,4
DA:124,4
DA:126,4
DA:128,3
DA:134,2
DA:135,6
DA:136,2
DA:138,2
DA:140,2
DA:148,3
DA:149,3
DA:150,9
DA:154,3
DA:157,3
DA:160,3
DA:165,6
DA:169,3
DA:170,3
DA:173,3
DA:175,3
DA:176,2
DA:177,3
DA:178,3
DA:183,1
DA:184,1
DA:185,1
DA:186,2
DA:187,2
DA:188,2
DA:189,2
DA:194,1
DA:195,3
DA:196,2
DA:200,1
DA:201,3
DA:202,2
DA:206,1
DA:207,1
DA:210,1
DA:212,1
DA:213,1
DA:214,1
DA:215,1
DA:220,1
DA:221,1
DA:224,1
DA:226,1
DA:228,1
DA:234,2
DA:235,6
DA:236,2
DA:239,2
DA:240,1
DA:244,2
DA:245,1
DA:246,2
DA:249,2
DA:250,2
DA:251,4
DA:258,2
DA:259,6
DA:260,4
DA:264,1
DA:265,3
DA:267,1
DA:269,1
DA:271,1
DA:279,2
DA:280,2
DA:283,2
DA:285,2
DA:286,2
DA:287,1
DA:288,1
DA:293,1
DA:294,1
DA:297,1
DA:299,1
DA:300,1
DA:301,1
DA:302,1
LF:114
LH:114
end_of_record
SF:lib\widgets\install_guide_dialog.dart
DA:13,2
DA:20,1
DA:21,1
DA:79,1
DA:81,1
DA:83,2
DA:88,2
DA:91,2
DA:92,1
DA:96,2
DA:99,2
DA:100,0
DA:104,1
DA:106,2
DA:107,1
DA:111,0
DA:112,0
DA:114,0
DA:115,0
DA:119,0
DA:121,0
DA:124,0
DA:126,0
DA:127,0
DA:128,0
DA:132,0
DA:133,0
DA:134,0
DA:143,0
DA:144,0
DA:145,0
DA:146,0
DA:147,0
DA:155,1
DA:157,1
DA:159,1
DA:160,1
DA:161,1
DA:162,1
DA:163,2
DA:164,1
DA:166,1
DA:167,1
DA:168,4
DA:169,4
DA:171,1
DA:172,2
DA:173,1
DA:174,1
DA:175,1
DA:176,1
DA:182,1
DA:184,1
DA:185,1
DA:186,1
DA:187,1
DA:197,1
DA:198,1
DA:200,1
DA:201,1
DA:202,1
DA:203,1
DA:204,1
DA:214,1
DA:215,1
DA:216,1
DA:218,1
DA:219,1
DA:220,1
DA:229,1
DA:230,1
DA:232,1
DA:242,1
DA:243,5
DA:244,1
DA:245,1
DA:257,1
DA:258,1
DA:259,1
DA:261,1
DA:262,1
DA:263,1
DA:265,1
DA:272,1
DA:273,1
DA:274,4
DA:275,2
DA:276,2
DA:278,1
DA:279,1
DA:280,1
DA:281,1
DA:282,1
DA:284,1
DA:286,3
DA:287,1
DA:288,1
DA:292,5
DA:300,1
DA:301,3
DA:303,1
DA:304,1
DA:305,1
DA:307,1
DA:308,2
DA:309,1
DA:310,1
DA:311,2
DA:315,1
DA:316,1
DA:317,1
DA:319,1
DA:320,2
DA:321,1
DA:323,1
DA:324,1
DA:326,1
DA:330,1
DA:331,1
DA:332,1
DA:335,2
DA:340,1
DA:341,1
DA:342,1
DA:344,2
DA:352,1
DA:355,1
DA:356,2
DA:357,1
DA:358,1
DA:359,2
DA:362,1
DA:364,1
DA:365,1
DA:367,1
DA:370,2
DA:374,5
DA:375,1
DA:376,1
DA:378,1
DA:380,1
DA:382,1
DA:383,1
DA:386,1
DA:387,1
DA:388,1
DA:390,1
DA:391,1
DA:392,2
DA:402,1
DA:403,1
DA:405,1
DA:406,2
DA:422,1
DA:423,5
DA:425,1
DA:427,1
DA:428,1
DA:429,1
DA:430,2
DA:435,1
DA:436,1
DA:438,2
DA:439,1
DA:440,1
DA:441,1
DA:442,2
DA:443,2
DA:451,3
DA:454,1
DA:455,2
DA:456,1
DA:457,1
DA:459,0
DA:460,0
DA:461,4
DA:463,0
DA:464,0
DA:466,0
DA:467,0
DA:471,2
DA:472,2
DA:476,3
DA:477,3
DA:478,1
DA:479,4
DA:482,1
DA:483,1
DA:490,1
DA:492,1
DA:493,1
DA:494,3
DA:495,3
DA:514,2
LF:194
LH:169
end_of_record
SF:lib\widgets\update_dialog.dart
DA:18,1
DA:25,1
DA:26,1
DA:39,1
DA:41,1
DA:43,2
DA:48,2
DA:51,2
DA:52,1
DA:56,2
DA:59,2
DA:60,0
DA:61,0
DA:62,0
DA:63,0
DA:67,0
DA:68,0
DA:69,0
DA:70,0
DA:71,0
DA:75,1
DA:76,1
DA:77,2
DA:78,1
DA:84,2
DA:87,1
DA:89,2
DA:90,2
DA:91,1
DA:95,1
DA:97,1
DA:99,1
DA:100,1
DA:101,1
DA:102,1
DA:103,2
DA:104,1
DA:106,1
DA:107,1
DA:108,4
DA:109,4
DA:111,1
DA:112,2
DA:113,1
DA:114,1
DA:115,1
DA:116,1
DA:122,1
DA:124,1
DA:125,3
DA:126,1
DA:127,1
DA:128,2
DA:129,1
DA:130,1
DA:131,1
DA:132,1
DA:133,0
DA:134,0
DA:135,0
DA:148,1
DA:149,1
DA:150,1
DA:152,1
DA:154,1
DA:156,3
DA:159,1
DA:160,2
DA:161,2
DA:162,3
DA:163,1
DA:167,1
DA:169,0
DA:170,0
DA:171,0
DA:183,0
DA:184,0
DA:189,0
DA:190,0
LF:79
LH:60
end_of_record
SF:lib\controllers\update_logic_manager.dart
DA:19,2
DA:20,2
DA:21,2
DA:22,2
DA:23,4
DA:24,4
DA:31,2
DA:38,2
DA:40,6
DA:41,6
DA:44,6
DA:45,0
DA:46,0
DA:50,6
DA:51,0
DA:52,0
DA:53,0
DA:58,0
DA:59,0
DA:60,0
DA:63,0
DA:67,0
DA:70,0
DA:71,0
DA:74,0
DA:75,0
DA:79,0
DA:80,0
DA:81,0
DA:84,0
DA:85,0
DA:86,0
DA:91,0
DA:92,0
DA:94,0
DA:98,0
DA:99,0
DA:104,0
DA:107,0
DA:110,0
DA:111,0
DA:119,0
DA:125,0
DA:128,0
DA:129,0
DA:137,0
DA:144,0
DA:146,0
DA:147,0
DA:148,0
DA:149,0
DA:152,0
DA:155,0
DA:163,0
DA:164,0
DA:168,0
DA:169,0
DA:171,0
DA:173,0
DA:174,0
DA:177,0
DA:178,0
DA:179,0
DA:182,0
DA:183,0
DA:188,0
DA:189,0
DA:190,0
DA:191,0
DA:192,0
DA:195,0
DA:196,0
DA:198,0
DA:199,0
DA:200,0
DA:201,0
DA:202,0
DA:204,0
DA:205,0
DA:206,0
DA:221,2
LF:81
LH:13
end_of_record
SF:lib\widgets\network_info_widget.dart
DA:13,2
DA:21,2
DA:25,4
DA:29,0
DA:36,4
DA:37,6
DA:39,2
DA:41,2
DA:42,2
DA:43,2
DA:45,2
DA:47,2
DA:49,2
DA:53,2
DA:54,2
DA:55,2
DA:56,2
DA:57,2
DA:62,2
DA:63,2
DA:65,2
DA:66,2
DA:67,4
DA:68,2
DA:69,2
DA:74,2
DA:76,2
DA:81,2
DA:82,2
DA:83,2
DA:84,2
DA:99,2
DA:100,2
DA:101,2
DA:103,2
DA:105,2
DA:107,2
LF:37
LH:36
end_of_record
SF:lib\widgets\update_actions_widget.dart
DA:15,2
DA:25,2
DA:27,2
DA:29,2
DA:30,2
DA:31,2
DA:32,2
DA:37,2
DA:38,2
DA:39,2
DA:40,2
DA:42,2
DA:49,2
DA:50,4
DA:54,1
DA:57,1
DA:58,1
DA:59,1
DA:60,2
DA:62,1
DA:63,1
DA:64,1
DA:66,1
DA:67,1
DA:69,1
DA:70,1
DA:81,2
DA:82,2
DA:83,2
DA:84,2
DA:85,2
DA:86,2
DA:87,2
DA:93,2
DA:94,2
DA:95,1
DA:98,2
DA:99,2
DA:100,2
DA:101,2
DA:104,2
DA:105,2
DA:109,2
DA:110,2
DA:111,2
DA:119,2
DA:120,2
DA:121,2
DA:122,2
DA:123,4
DA:124,2
DA:125,2
DA:128,2
DA:129,2
DA:132,2
DA:138,2
DA:139,2
DA:150,2
DA:151,2
DA:160,2
DA:161,2
DA:163,2
DA:164,0
DA:167,2
DA:168,2
DA:169,4
DA:171,2
DA:172,2
DA:180,2
DA:181,4
DA:185,2
DA:186,4
DA:190,2
DA:191,2
DA:195,2
DA:196,2
DA:200,2
DA:201,4
DA:202,2
DA:203,2
DA:204,2
DA:205,2
DA:207,2
DA:212,0
DA:215,0
DA:216,0
DA:217,0
DA:220,0
DA:221,0
DA:223,0
DA:227,0
DA:228,0
DA:229,0
DA:230,0
DA:231,0
DA:238,0
DA:239,0
DA:240,0
DA:241,0
DA:242,0
DA:251,0
DA:252,0
DA:253,0
DA:254,0
DA:255,0
DA:275,0
DA:276,0
DA:277,0
LF:108
LH:82
end_of_record
SF:lib\widgets\update_header_widget.dart
DA:8,2
DA:13,2
DA:15,2
DA:17,2
DA:18,2
DA:19,2
DA:20,2
DA:22,2
DA:29,2
DA:30,2
DA:31,2
DA:32,2
DA:33,2
DA:34,2
DA:47,2
DA:48,2
DA:50,2
DA:51,2
DA:52,2
DA:54,2
DA:55,2
DA:63,2
DA:64,2
DA:65,2
DA:67,2
DA:68,2
DA:69,2
DA:77,2
DA:78,6
DA:79,2
DA:80,2
DA:90,2
DA:91,4
DA:92,2
DA:93,2
DA:94,2
DA:95,2
DA:97,2
DA:102,2
DA:103,4
DA:104,2
DA:105,2
DA:106,2
DA:107,2
DA:109,2
DA:114,2
DA:115,4
DA:116,2
DA:118,2
DA:126,2
DA:127,4
DA:128,2
DA:130,2
LF:53
LH:53
end_of_record
SF:lib\widgets\version_info_widget.dart
DA:9,2
DA:14,2
DA:16,2
DA:18,2
DA:20,6
DA:21,6
DA:22,2
DA:25,12
DA:27,2
DA:30,6
DA:36,2
DA:38,2
DA:41,2
DA:45,2
DA:48,2
DA:49,2
DA:50,2
DA:51,2
DA:52,2
DA:55,2
DA:56,6
DA:57,4
DA:59,2
DA:61,2
DA:70,2
DA:71,2
DA:73,2
DA:74,2
DA:75,2
DA:77,2
DA:78,2
DA:79,2
DA:81,2
DA:85,2
DA:86,2
DA:88,2
DA:89,2
DA:98,2
DA:99,8
LF:39
LH:39
end_of_record
SF:lib\widgets\update_progress_widget.dart
DA:9,1
DA:15,1
DA:17,1
DA:19,1
DA:20,1
DA:22,1
DA:23,1
DA:25,1
DA:27,1
DA:30,1
DA:31,1
DA:32,1
DA:33,1
DA:40,1
DA:41,1
DA:42,1
DA:43,1
DA:45,1
DA:46,2
DA:50,1
DA:51,4
DA:52,1
DA:53,1
LF:23
LH:23
end_of_record
SF:lib\controllers\command_manager.dart
DA:16,1
DA:23,2
DA:26,3
DA:29,2
DA:32,3
DA:35,1
DA:36,3
DA:37,2
DA:39,0
DA:42,0
DA:43,0
DA:45,0
DA:46,0
DA:49,0
DA:52,0
DA:55,0
DA:57,0
DA:61,0
DA:64,0
DA:67,0
DA:69,0
DA:71,0
DA:75,0
DA:77,0
DA:82,1
DA:83,2
DA:85,0
DA:86,0
DA:87,0
DA:88,0
DA:89,0
DA:95,1
DA:96,2
DA:98,0
DA:99,0
DA:100,0
DA:101,0
DA:102,0
DA:104,0
DA:105,0
DA:106,0
DA:111,1
DA:112,5
DA:114,1
DA:115,1
DA:116,1
DA:117,1
DA:118,1
DA:119,1
DA:120,1
DA:124,1
DA:125,2
DA:126,2
DA:130,1
DA:131,1
DA:135,1
DA:136,2
LF:57
LH:28
end_of_record
SF:lib\controllers\simple_ble_controller.dart
DA:12,6
DA:13,4
DA:14,2
DA:20,3
DA:21,3
DA:22,3
DA:23,3
DA:26,3
DA:29,0
DA:31,0
DA:33,0
DA:38,0
DA:45,0
DA:47,0
DA:54,0
DA:56,0
DA:61,0
DA:65,0
DA:67,0
DA:74,1
DA:76,2
DA:77,2
DA:82,0
DA:84,0
DA:90,0
DA:92,0
DA:97,0
DA:101,0
DA:106,0
DA:108,0
DA:115,1
DA:117,2
DA:119,0
DA:121,0
DA:127,0
DA:129,0
DA:134,0
DA:136,0
DA:137,0
DA:139,0
DA:142,0
DA:150,0
DA:152,0
DA:154,0
DA:159,3
DA:160,6
DA:161,3
DA:162,3
DA:165,1
DA:166,2
DA:167,2
DA:174,1
DA:175,2
DA:176,2
DA:184,3
DA:186,0
DA:188,0
DA:195,1
DA:196,2
DA:200,1
DA:201,2
DA:202,2
LF:62
LH:29
end_of_record
SF:lib\services\ble_service.dart
DA:13,6
DA:14,4
DA:15,2
DA:30,3
DA:31,3
DA:32,3
DA:33,3
DA:50,0
DA:51,0
DA:54,0
DA:55,0
DA:62,0
DA:64,0
DA:66,0
DA:74,0
DA:75,0
DA:76,0
DA:77,0
DA:81,0
DA:83,0
DA:90,0
DA:91,0
DA:93,0
DA:99,0
DA:100,0
DA:103,0
DA:105,0
DA:107,0
DA:108,0
DA:115,0
DA:116,0
DA:117,0
DA:121,0
DA:122,0
DA:125,0
DA:126,0
DA:131,0
DA:136,0
DA:137,0
DA:139,0
DA:140,0
DA:143,0
DA:148,0
DA:150,0
DA:151,0
DA:152,0
DA:159,0
DA:160,0
DA:162,0
DA:164,0
DA:169,0
DA:170,0
DA:171,0
DA:174,0
DA:179,0
DA:181,0
DA:182,0
DA:184,0
DA:185,0
DA:188,0
DA:191,1
DA:192,1
DA:195,1
DA:196,1
DA:198,0
DA:199,0
DA:200,0
DA:201,0
DA:202,0
DA:204,0
DA:209,0
DA:210,0
DA:212,0
DA:214,0
DA:219,0
DA:220,0
DA:225,0
DA:226,0
DA:227,0
DA:228,0
DA:231,0
DA:233,0
DA:236,0
DA:242,0
DA:246,0
DA:247,0
DA:250,0
DA:251,0
DA:253,0
DA:258,0
DA:259,0
DA:260,0
DA:261,0
DA:262,0
DA:264,0
DA:265,0
DA:268,0
DA:269,0
DA:270,0
DA:271,0
DA:275,0
DA:277,0
DA:284,0
DA:287,0
DA:288,0
DA:289,0
DA:290,0
DA:292,0
DA:294,0
DA:301,0
DA:302,0
DA:306,0
DA:309,0
DA:317,0
DA:319,0
DA:320,0
DA:321,0
DA:323,0
DA:325,0
DA:326,0
DA:327,0
DA:328,0
DA:329,0
DA:330,0
DA:331,0
DA:332,0
DA:333,0
DA:337,0
DA:341,0
DA:343,0
DA:344,0
DA:348,0
DA:349,0
DA:350,0
DA:355,0
DA:359,1
DA:360,1
DA:363,0
DA:366,0
DA:367,0
DA:368,0
DA:369,0
DA:372,0
DA:374,0
DA:378,0
DA:379,0
DA:380,0
DA:382,0
DA:383,0
DA:386,0
DA:388,0
DA:395,0
DA:396,0
DA:398,0
DA:403,0
DA:404,0
DA:405,0
DA:406,0
DA:410,0
DA:414,0
DA:416,0
DA:419,0
DA:421,0
DA:422,0
DA:425,0
DA:428,0
DA:429,0
DA:430,0
DA:432,0
DA:433,0
DA:434,0
DA:440,0
DA:441,0
DA:443,0
DA:445,0
DA:450,4
DA:451,4
DA:452,2
DA:453,2
DA:455,1
DA:456,2
DA:457,2
DA:458,3
DA:462,0
DA:469,0
DA:471,0
DA:472,0
DA:473,0
DA:476,0
DA:477,0
DA:479,0
DA:480,0
DA:481,0
DA:484,0
DA:485,0
DA:486,0
DA:490,0
DA:491,0
DA:495,0
DA:496,0
DA:497,0
DA:500,0
DA:501,0
DA:502,0
DA:503,0
DA:504,0
DA:509,0
DA:510,0
DA:511,0
DA:512,0
DA:513,0
DA:514,0
DA:517,0
DA:519,0
DA:528,0
DA:529,0
DA:531,0
DA:532,0
DA:534,0
DA:535,0
DA:536,0
DA:540,0
DA:541,0
DA:544,0
DA:545,0
DA:546,0
DA:547,0
DA:548,0
DA:551,0
DA:557,0
DA:558,0
DA:562,0
DA:563,0
DA:565,0
DA:566,0
DA:567,0
DA:569,0
DA:571,0
DA:576,0
DA:577,0
DA:579,0
DA:585,1
DA:586,1
DA:587,2
DA:595,0
DA:596,0
DA:599,0
DA:603,0
DA:604,0
DA:606,0
DA:613,1
DA:614,1
DA:615,1
DA:616,1
DA:617,1
DA:618,1
DA:624,0
DA:625,0
DA:626,0
DA:627,0
DA:628,0
DA:629,0
DA:632,1
DA:633,1
DA:634,1
DA:635,1
DA:636,2
DA:637,2
DA:638,2
DA:639,2
LF:270
LH:38
end_of_record
SF:lib\models\ble_device.dart
DA:17,5
DA:30,0
DA:35,0
DA:36,0
DA:37,0
DA:38,0
DA:39,0
DA:42,0
DA:43,0
DA:47,1
DA:59,1
DA:60,1
DA:61,1
DA:62,1
DA:63,1
DA:64,1
DA:65,1
DA:66,1
DA:67,1
DA:68,1
DA:69,1
DA:73,1
DA:74,1
DA:76,3
DA:80,1
DA:81,1
DA:84,1
DA:85,1
DA:87,1
DA:91,1
DA:92,2
DA:95,1
DA:97,2
DA:98,5
DA:105,1
DA:106,3
DA:109,3
DA:112,1
DA:113,3
DA:114,3
DA:115,3
DA:116,3
DA:120,1
DA:124,3
DA:125,3
DA:126,3
DA:127,3
DA:128,3
DA:132,1
DA:133,1
DA:134,1
DA:135,1
DA:136,1
DA:137,1
DA:138,2
DA:139,2
DA:140,2
DA:141,1
DA:142,1
DA:146,1
DA:147,1
DA:148,1
DA:149,1
DA:150,1
DA:151,1
DA:152,1
DA:153,4
DA:154,1
DA:156,1
DA:157,2
DA:159,1
DA:160,2
DA:162,1
DA:163,3
DA:167,1
DA:169,4
DA:172,1
DA:175,4
DA:178,1
DA:179,2
LF:80
LH:72
end_of_record
SF:lib\models\ble_service.dart
DA:10,6
DA:17,0
DA:18,0
DA:19,0
DA:20,0
DA:21,0
DA:22,0
DA:23,0
DA:24,0
DA:28,1
DA:34,1
DA:35,1
DA:36,1
DA:37,1
DA:38,1
DA:42,1
DA:44,2
DA:45,5
DA:52,1
DA:53,5
DA:55,1
DA:56,5
DA:58,1
DA:59,5
DA:61,0
DA:62,0
DA:72,0
DA:73,0
DA:76,0
DA:77,0
DA:78,0
DA:79,0
DA:80,0
DA:83,1
DA:85,5
DA:88,1
DA:91,4
DA:94,1
DA:95,2
LF:39
LH:22
end_of_record
SF:lib\models\ble_characteristic.dart
DA:11,4
DA:20,0
DA:23,0
DA:24,0
DA:25,0
DA:26,0
DA:30,1
DA:38,1
DA:39,1
DA:40,1
DA:41,1
DA:42,1
DA:43,1
DA:44,1
DA:48,1
DA:49,3
DA:50,1
DA:51,5
DA:52,1
DA:55,1
DA:56,3
DA:58,2
DA:64,6
DA:65,2
DA:66,4
DA:67,4
DA:68,2
DA:69,4
DA:70,4
DA:72,0
DA:73,0
DA:82,0
DA:83,0
DA:86,0
DA:87,0
DA:88,0
DA:89,0
DA:90,0
DA:93,0
DA:96,0
DA:98,0
DA:99,0
DA:100,0
DA:101,0
DA:103,0
DA:104,0
DA:109,1
DA:111,4
DA:114,1
DA:117,4
DA:120,1
DA:121,2
DA:133,1
DA:135,1
DA:137,1
DA:139,1
DA:141,1
DA:143,1
LF:58
LH:36
end_of_record
SF:lib\models\connection_state.dart
DA:9,1
DA:11,1
DA:13,1
DA:15,1
DA:17,1
DA:22,4
DA:23,2
DA:24,1
DA:25,1
DA:26,1
LF:10
LH:10
end_of_record
SF:lib\services\permission_service.dart
DA:5,9
DA:6,6
DA:7,3
DA:9,0
DA:11,0
DA:18,0
DA:20,0
DA:22,0
DA:23,0
DA:24,0
DA:27,0
DA:32,0
DA:34,0
DA:41,0
DA:42,0
DA:43,0
DA:44,0
DA:51,0
DA:56,0
DA:57,0
DA:60,0
DA:61,0
DA:64,0
DA:65,0
DA:68,0
DA:69,0
DA:72,0
DA:73,0
DA:76,1
DA:78,1
DA:80,1
DA:82,1
DA:84,1
DA:86,1
DA:88,1
LF:35
LH:10
end_of_record
SF:lib\services\error_handling_service.dart
DA:9,3
DA:10,2
DA:11,1
DA:17,3
DA:18,3
DA:21,0
DA:22,0
DA:24,0
DA:25,0
DA:26,0
DA:28,0
DA:29,0
DA:31,0
DA:32,0
DA:34,0
DA:35,0
DA:37,0
DA:38,0
DA:40,0
DA:41,0
DA:45,0
DA:49,0
DA:51,0
DA:52,0
DA:54,0
DA:55,0
DA:59,0
DA:61,0
DA:62,0
DA:64,0
DA:65,0
DA:69,0
DA:71,0
DA:72,0
DA:74,0
DA:75,0
DA:79,0
DA:80,0
DA:83,0
DA:84,0
DA:85,0
DA:87,0
DA:89,0
DA:96,0
DA:100,0
DA:102,0
DA:103,0
DA:105,0
DA:106,0
DA:110,0
DA:113,0
DA:114,0
DA:116,0
DA:119,0
DA:121,0
DA:126,0
DA:127,0
DA:131,0
DA:139,0
DA:142,0
DA:143,0
DA:144,0
DA:145,0
DA:147,0
DA:148,0
DA:149,0
DA:151,0
DA:152,0
DA:153,0
DA:155,0
DA:157,0
DA:162,0
DA:163,0
DA:165,0
DA:166,0
DA:173,0
DA:174,0
DA:179,0
DA:180,0
DA:181,0
DA:182,0
DA:192,0
DA:193,0
DA:194,0
DA:195,0
DA:196,0
DA:197,0
DA:199,0
DA:200,0
DA:203,0
DA:205,0
DA:206,0
DA:207,0
DA:208,0
DA:210,0
DA:215,0
DA:216,0
DA:219,0
DA:220,0
DA:221,0
DA:222,0
DA:223,0
DA:225,0
DA:228,0
DA:229,0
DA:230,0
DA:231,0
DA:232,0
DA:233,0
DA:239,0
DA:241,0
DA:247,0
DA:262,0
DA:265,0
DA:266,0
DA:271,0
DA:272,0
DA:273,0
DA:275,0
DA:277,0
DA:279,0
DA:281,0
DA:283,0
DA:285,0
DA:287,0
DA:289,0
DA:292,0
DA:297,0
DA:298,0
DA:299,0
DA:301,0
DA:303,0
DA:306,0
DA:311,0
DA:312,0
DA:315,0
DA:318,0
DA:322,0
DA:323,0
DA:324,0
DA:326,0
DA:328,0
DA:331,0
DA:336,0
DA:337,0
DA:338,0
DA:340,0
DA:342,0
DA:345,0
DA:350,0
DA:351,0
DA:352,0
DA:353,0
DA:354,0
DA:356,0
DA:360,0
DA:361,0
DA:362,0
DA:363,0
DA:365,0
DA:370,0
DA:375,0
DA:376,0
DA:377,0
DA:379,0
DA:382,0
DA:384,0
DA:391,0
DA:392,0
DA:393,0
DA:395,0
DA:398,0
DA:400,0
DA:407,0
DA:408,0
DA:409,0
DA:411,0
DA:418,0
DA:419,0
DA:420,0
DA:421,0
DA:426,0
DA:432,0
DA:437,0
DA:442,0
DA:447,1
DA:448,2
DA:452,1
DA:453,2
DA:478,1
DA:487,1
DA:490,1
DA:498,1
DA:510,1
DA:515,1
DA:524,1
DA:530,1
DA:540,1
DA:541,1
DA:548,1
DA:550,4
DA:560,2
LF:202
LH:22
end_of_record
SF:lib\widgets\animated_widgets.dart
DA:11,2
DA:19,1
DA:20,1
DA:28,1
DA:30,1
DA:31,2
DA:35,2
DA:40,2
DA:41,1
DA:45,1
DA:47,1
DA:48,4
DA:49,2
DA:50,1
DA:52,1
DA:57,1
DA:58,2
DA:59,2
DA:62,1
DA:63,2
DA:64,2
DA:67,1
DA:69,2
DA:70,2
DA:71,1
DA:74,1
DA:76,1
DA:78,1
DA:79,2
DA:80,1
DA:82,1
DA:83,3
DA:85,1
DA:88,1
DA:89,1
DA:94,1
DA:100,1
DA:101,1
DA:102,1
DA:103,2
DA:104,2
DA:105,2
DA:109,1
DA:110,2
DA:111,1
DA:112,1
DA:115,1
DA:116,1
DA:118,2
DA:131,1
DA:138,1
DA:139,1
DA:149,1
DA:151,1
DA:152,2
DA:157,2
DA:160,2
DA:161,1
DA:165,2
DA:168,2
DA:169,1
DA:173,2
DA:176,2
DA:177,1
DA:182,7
DA:183,1
DA:184,2
DA:189,1
DA:191,2
DA:192,1
DA:195,1
DA:197,1
DA:198,1
DA:199,1
DA:200,1
DA:201,1
DA:202,1
DA:203,1
DA:204,1
DA:205,1
DA:206,2
DA:220,2
DA:226,1
DA:227,1
DA:235,1
DA:237,1
DA:238,2
DA:242,2
DA:247,2
DA:248,1
DA:252,1
DA:254,1
DA:255,4
DA:256,2
DA:257,1
DA:259,1
DA:264,1
DA:265,2
DA:266,2
DA:269,1
DA:270,2
DA:271,2
DA:274,1
DA:276,2
DA:277,2
DA:278,1
DA:281,1
DA:283,1
DA:284,1
DA:285,2
DA:286,2
DA:298,2
DA:306,1
DA:307,1
DA:315,1
DA:317,1
DA:318,2
DA:323,2
DA:326,2
DA:327,1
DA:332,1
DA:334,2
DA:335,1
DA:338,1
DA:339,2
DA:342,1
DA:343,2
DA:346,1
DA:347,2
DA:350,1
DA:352,1
DA:353,1
DA:354,1
DA:355,1
DA:356,2
DA:357,1
DA:358,1
DA:359,1
DA:360,1
DA:361,2
DA:362,1
DA:364,2
DA:365,2
DA:366,2
DA:382,5
DA:390,1
DA:391,1
DA:398,1
DA:400,1
DA:401,2
DA:402,2
DA:406,4
DA:407,4
DA:408,3
DA:413,1
DA:415,1
DA:416,2
DA:417,2
DA:418,2
DA:419,4
DA:420,2
DA:425,1
DA:427,2
DA:428,1
DA:431,1
DA:433,4
DA:437,1
DA:438,1
DA:439,1
DA:440,1
DA:441,2
DA:442,1
DA:443,2
DA:444,1
DA:447,1
DA:448,2
DA:450,1
DA:451,1
DA:452,2
DA:453,1
DA:459,2
DA:460,1
DA:461,1
DA:464,1
DA:465,1
DA:483,1
DA:491,1
DA:492,1
DA:501,1
DA:503,1
DA:504,2
DA:509,2
DA:512,2
DA:513,1
DA:514,3
DA:517,2
DA:520,2
DA:521,1
DA:522,2
DA:526,7
DA:527,1
DA:528,2
DA:533,1
DA:535,2
DA:536,1
DA:539,1
DA:541,1
DA:542,1
DA:543,1
DA:544,1
DA:545,2
LF:211
LH:211
end_of_record
SF:lib\services\animation_service.dart
DA:18,1
DA:25,1
DA:28,2
DA:33,1
DA:40,1
DA:47,1
DA:50,2
DA:55,1
DA:62,1
DA:69,1
DA:72,2
DA:77,1
DA:84,1
DA:91,1
DA:94,2
DA:99,1
DA:106,1
DA:112,1
DA:117,1
DA:125,1
DA:130,1
DA:131,0
DA:133,0
DA:134,0
DA:145,0
DA:152,0
DA:153,0
DA:154,0
DA:157,0
DA:164,0
DA:165,0
DA:166,0
DA:169,0
DA:176,0
DA:177,0
DA:178,0
DA:181,0
DA:188,0
DA:189,0
DA:190,0
DA:193,0
DA:200,0
DA:201,0
DA:206,0
DA:207,0
DA:208,0
DA:211,0
DA:218,0
DA:219,0
DA:220,0
DA:223,0
DA:233,2
DA:238,2
DA:240,2
DA:241,2
DA:242,2
DA:243,2
DA:244,2
DA:245,1
DA:253,2
DA:259,2
DA:261,2
DA:262,6
DA:263,12
DA:264,2
DA:273,2
DA:278,2
DA:280,2
DA:286,12
DA:287,2
DA:296,2
DA:301,2
DA:303,2
DA:304,2
DA:305,2
DA:306,2
DA:307,2
DA:316,2
DA:321,2
DA:323,2
DA:324,2
DA:325,2
DA:326,2
DA:327,2
DA:352,2
DA:357,2
DA:359,10
DA:360,4
DA:363,2
DA:364,6
DA:365,2
DA:366,2
DA:368,2
DA:371,2
DA:372,6
DA:373,2
DA:374,2
DA:376,2
DA:377,6
DA:379,2
DA:380,2
DA:388,4
DA:389,8
DA:390,2
DA:391,4
DA:393,2
DA:394,6
DA:395,2
DA:396,2
DA:398,2
DA:402,2
DA:411,2
DA:416,2
DA:418,2
DA:419,4
DA:420,2
DA:421,2
DA:422,2
DA:424,2
DA:427,10
DA:428,10
DA:429,10
DA:431,4
DA:433,2
DA:434,1
DA:435,3
DA:436,3
DA:439,6
DA:440,2
DA:441,6
DA:442,6
DA:443,6
DA:446,2
DA:449,2
DA:458,2
DA:463,2
DA:465,2
DA:466,4
DA:467,2
DA:468,2
DA:469,2
DA:471,10
DA:472,4
DA:474,4
DA:476,2
DA:477,5
DA:478,5
DA:479,1
DA:481,1
DA:484,6
DA:487,2
DA:488,10
DA:489,10
DA:494,10
DA:495,10
DA:496,2
DA:498,2
DA:502,2
LF:158
LH:128
end_of_record
SF:lib\utils\formatting_utils.dart
DA:7,0
DA:11,1
DA:12,8
DA:17,1
DA:18,3
DA:19,3
DA:20,3
DA:21,3
DA:25,1
DA:27,1
DA:29,1
DA:31,1
DA:33,1
DA:39,1
DA:41,1
DA:43,1
DA:45,1
DA:47,1
DA:53,1
DA:55,1
DA:57,1
DA:59,1
DA:61,1
DA:67,1
DA:68,2
DA:69,5
DA:70,4
DA:74,1
DA:75,2
DA:76,4
DA:77,2
DA:78,4
DA:80,2
LF:33
LH:32
end_of_record
SF:lib\widgets\connected_device_card_widget.dart
DA:11,1
DA:16,1
DA:18,1
DA:19,1
DA:21,1
DA:22,1
DA:23,1
DA:24,1
DA:27,1
DA:30,1
DA:31,1
DA:35,1
DA:41,1
DA:42,2
DA:45,1
DA:48,1
DA:49,3
DA:51,1
DA:53,4
DA:55,1
DA:56,4
DA:58,1
DA:61,1
DA:62,1
DA:64,1
DA:65,0
DA:66,0
DA:67,0
LF:28
LH:25
end_of_record
SF:lib\views\command_interface_view.dart
DA:17,5
DA:19,0
DA:20,0
DA:30,0
DA:32,0
DA:33,0
DA:34,0
DA:35,0
DA:36,0
DA:38,0
DA:39,0
DA:40,0
DA:43,0
DA:46,0
DA:47,0
DA:48,0
DA:49,0
DA:51,0
DA:53,0
DA:54,0
DA:56,0
DA:60,0
DA:62,0
DA:66,0
DA:69,0
DA:71,0
DA:72,0
DA:73,0
DA:76,0
DA:77,0
DA:78,0
DA:79,0
DA:82,0
DA:88,0
DA:89,0
DA:90,0
DA:92,0
DA:95,0
DA:96,0
DA:97,0
DA:98,0
DA:99,0
DA:107,0
DA:108,0
DA:109,0
DA:110,0
DA:111,0
DA:112,0
DA:113,0
DA:114,0
DA:121,0
DA:122,0
DA:125,0
DA:126,0
DA:129,0
DA:131,0
DA:133,0
DA:137,0
DA:138,0
DA:139,0
DA:143,0
DA:145,0
DA:146,0
DA:147,0
DA:149,0
DA:164,0
DA:165,0
DA:166,0
DA:167,0
DA:168,0
DA:170,0
DA:175,0
DA:176,0
DA:177,0
DA:178,0
DA:183,0
DA:184,0
DA:186,0
DA:187,0
DA:188,0
DA:189,0
DA:190,0
DA:193,0
DA:196,0
DA:198,0
DA:199,0
DA:200,0
DA:201,0
DA:203,0
DA:204,0
DA:205,0
DA:207,0
DA:208,0
DA:209,0
DA:211,0
DA:213,0
DA:218,0
DA:219,0
DA:221,0
DA:222,0
DA:224,0
DA:226,0
DA:230,0
DA:232,0
DA:234,0
DA:245,0
DA:251,0
DA:252,0
DA:254,0
DA:256,0
DA:257,0
DA:258,0
DA:259,0
DA:260,0
DA:265,0
DA:267,0
DA:269,0
DA:270,0
DA:271,0
DA:272,0
DA:274,0
DA:275,0
DA:276,0
DA:277,0
DA:278,0
DA:280,0
DA:282,0
DA:287,0
DA:288,0
DA:290,0
DA:291,0
DA:292,0
DA:293,0
DA:296,0
DA:300,0
DA:301,0
DA:302,0
DA:304,0
DA:314,0
DA:315,0
DA:316,0
DA:318,0
DA:322,0
DA:324,0
DA:328,0
DA:330,0
DA:340,0
DA:341,0
DA:343,0
DA:344,0
DA:345,0
DA:346,0
DA:347,0
DA:350,0
DA:352,0
DA:353,0
DA:356,0
DA:359,0
DA:361,0
DA:362,0
DA:372,0
DA:373,0
DA:375,0
DA:376,0
DA:377,0
DA:378,0
DA:380,0
DA:382,0
DA:383,0
DA:386,0
DA:389,0
DA:390,0
DA:391,0
DA:392,0
DA:402,0
DA:403,0
DA:405,0
DA:407,0
DA:408,0
DA:409,0
DA:418,0
DA:419,0
DA:426,0
DA:427,0
DA:429,0
DA:430,0
DA:431,0
DA:432,0
DA:434,0
DA:435,0
DA:436,0
DA:447,0
DA:448,0
DA:450,0
DA:456,0
DA:457,0
DA:458,0
DA:464,0
DA:465,0
DA:466,0
DA:467,0
DA:468,0
DA:469,0
DA:471,0
DA:472,0
DA:474,0
DA:475,0
DA:476,0
DA:477,0
DA:478,0
DA:479,0
DA:480,0
DA:481,0
DA:483,0
DA:484,0
DA:488,0
DA:489,0
DA:491,0
DA:495,0
DA:496,0
DA:503,0
DA:506,0
DA:507,0
DA:510,0
DA:511,0
DA:523,0
DA:525,0
DA:527,0
DA:528,0
DA:529,0
DA:530,0
DA:531,0
DA:532,0
DA:538,0
DA:539,0
DA:540,0
DA:542,0
DA:551,0
DA:553,0
DA:554,0
DA:555,0
DA:556,0
DA:557,0
DA:558,0
DA:560,0
DA:562,0
DA:563,0
DA:565,0
DA:569,0
DA:571,0
DA:579,0
DA:582,0
DA:585,0
DA:586,0
DA:587,0
DA:588,0
DA:595,0
DA:597,0
DA:598,0
DA:599,0
DA:601,0
DA:603,0
DA:604,0
DA:607,0
DA:610,0
DA:612,0
DA:614,0
DA:632,0
DA:633,0
DA:634,0
DA:636,0
DA:639,0
DA:640,0
DA:644,0
DA:650,0
DA:651,0
DA:652,0
DA:653,0
DA:656,0
DA:657,0
DA:658,0
DA:659,0
DA:661,0
DA:664,0
DA:665,0
DA:666,0
DA:667,0
DA:668,0
DA:670,0
DA:676,0
DA:677,0
DA:678,0
DA:679,0
DA:681,0
DA:689,0
DA:690,0
DA:691,0
DA:692,0
DA:694,0
DA:696,0
DA:697,0
DA:698,0
DA:700,0
DA:706,0
DA:708,0
DA:713,0
DA:714,0
DA:715,0
DA:716,0
DA:717,0
DA:719,0
DA:729,0
DA:730,0
DA:731,0
DA:732,0
DA:734,0
DA:736,0
DA:737,0
DA:738,0
DA:740,0
DA:742,0
DA:748,0
DA:750,0
DA:755,0
DA:756,0
DA:757,0
DA:759,0
DA:760,0
DA:761,0
DA:762,0
DA:763,0
DA:767,0
DA:770,0
DA:771,0
DA:780,0
DA:781,0
DA:785,0
DA:795,0
DA:796,0
DA:797,0
DA:799,0
DA:800,0
DA:801,0
DA:802,0
DA:805,0
DA:808,0
DA:812,0
DA:817,0
DA:819,0
DA:820,0
DA:821,0
DA:824,0
DA:827,0
DA:828,0
DA:830,0
DA:831,0
DA:832,0
DA:833,0
DA:839,0
DA:840,0
DA:841,0
DA:843,0
DA:844,0
DA:845,0
DA:846,0
DA:849,0
DA:853,0
DA:854,0
DA:855,0
DA:857,0
DA:860,0
DA:876,0
DA:877,0
DA:878,0
DA:879,0
DA:880,0
DA:884,0
DA:885,0
DA:887,0
DA:888,0
DA:890,0
DA:891,0
DA:895,0
DA:898,0
DA:899,0
DA:900,0
DA:901,0
DA:902,0
DA:903,0
DA:904,0
DA:912,0
DA:913,0
DA:915,0
DA:916,0
DA:917,0
DA:918,0
DA:921,0
DA:924,0
DA:928,0
DA:935,0
DA:936,0
LF:401
LH:1
end_of_record
SF:lib\widgets\responsive_layout.dart
DA:10,1
DA:17,1
DA:19,1
DA:22,1
DA:23,1
DA:24,1
DA:25,2
DA:26,1
DA:27,3
DA:41,2
DA:51,1
DA:53,1
DA:54,2
DA:55,2
DA:56,2
DA:57,1
DA:58,1
DA:59,1
DA:73,3
DA:83,2
DA:85,2
DA:86,2
DA:87,2
DA:89,2
DA:90,2
DA:91,2
DA:92,2
DA:93,2
DA:94,4
DA:95,2
DA:97,2
DA:98,2
DA:99,2
DA:100,2
DA:116,1
DA:126,1
DA:128,1
DA:129,1
DA:131,1
DA:132,1
DA:133,1
DA:134,1
DA:136,1
DA:137,1
DA:138,1
DA:140,2
DA:141,3
DA:157,3
DA:169,2
DA:171,4
DA:173,2
DA:174,2
DA:175,4
DA:177,2
DA:178,2
DA:180,2
DA:181,2
DA:182,2
DA:193,3
DA:200,2
DA:202,4
DA:204,2
DA:205,2
DA:207,2
DA:219,1
DA:227,1
DA:229,1
DA:232,3
DA:233,1
DA:234,1
DA:236,5
DA:240,1
DA:241,1
DA:242,1
DA:243,1
DA:244,1
DA:257,1
DA:266,1
DA:268,1
DA:269,1
DA:270,1
DA:271,1
DA:272,1
DA:273,1
LF:84
LH:84
end_of_record
SF:lib\widgets\message_bubble_widget.dart
DA:11,1
DA:17,1
DA:19,2
DA:20,2
DA:21,2
DA:22,3
DA:24,1
DA:26,1
DA:28,1
DA:29,1
DA:30,2
DA:36,1
DA:37,1
DA:38,2
DA:40,1
DA:41,0
DA:42,1
DA:43,1
DA:44,1
DA:45,1
DA:46,1
DA:48,1
DA:49,1
DA:50,1
DA:57,1
DA:58,1
DA:60,1
DA:62,1
DA:63,1
DA:66,1
DA:69,1
DA:71,1
DA:74,1
DA:82,1
DA:83,1
DA:85,1
DA:86,1
DA:87,1
DA:88,2
DA:94,1
DA:95,1
DA:96,1
DA:101,1
DA:102,1
DA:103,1
DA:105,1
DA:111,1
DA:113,1
DA:114,1
DA:115,1
DA:116,2
DA:121,1
DA:122,1
DA:123,1
DA:124,1
DA:125,1
DA:130,1
DA:131,1
DA:132,1
DA:133,1
DA:141,1
DA:142,1
DA:143,1
DA:144,2
DA:145,1
DA:146,1
DA:147,1
DA:155,1
DA:156,1
DA:158,1
DA:161,1
DA:162,1
DA:163,1
DA:165,2
DA:166,7
DA:167,2
DA:168,5
DA:170,8
DA:174,0
DA:175,0
DA:176,0
DA:177,0
DA:181,0
DA:193,2
DA:200,1
DA:201,1
DA:207,1
DA:209,1
DA:210,4
DA:213,0
DA:215,0
DA:216,0
DA:217,0
DA:221,0
DA:222,0
DA:223,0
DA:224,0
DA:231,1
DA:233,3
DA:234,1
DA:237,1
DA:238,1
DA:240,3
DA:241,1
DA:242,1
DA:243,3
DA:249,1
DA:250,1
DA:251,1
DA:253,1
DA:254,1
DA:256,1
DA:257,1
DA:258,1
DA:260,1
DA:263,1
DA:267,1
DA:269,1
DA:272,1
DA:276,1
DA:278,1
DA:279,1
DA:289,1
DA:291,2
DA:292,2
DA:294,1
LF:126
LH:112
end_of_record
SF:lib\widgets\connection_status_widget.dart
DA:13,0
DA:20,0
DA:22,0
DA:23,0
DA:24,0
DA:25,0
DA:27,0
DA:28,0
DA:33,0
DA:34,0
DA:35,0
DA:38,0
DA:40,0
DA:41,0
DA:42,0
DA:43,0
DA:44,0
DA:49,0
DA:50,0
DA:51,0
DA:52,0
DA:53,0
DA:59,0
DA:61,0
DA:62,0
DA:63,0
DA:65,0
DA:72,0
DA:73,0
DA:75,0
DA:76,0
DA:79,0
DA:82,0
DA:84,0
DA:87,0
DA:90,0
DA:91,0
DA:92,0
DA:93,0
DA:94,0
DA:95,0
DA:103,0
DA:104,0
DA:105,0
DA:108,0
DA:110,0
DA:111,0
DA:112,0
DA:113,0
DA:115,0
DA:117,0
DA:118,0
DA:120,0
DA:122,0
DA:123,0
DA:124,0
DA:132,0
DA:133,0
DA:135,0
DA:136,0
DA:139,0
DA:142,0
DA:144,0
DA:147,0
DA:154,0
DA:155,0
DA:156,0
DA:157,0
DA:159,0
DA:160,0
DA:161,0
DA:163,0
DA:165,0
DA:166,0
DA:170,0
DA:171,0
DA:173,0
DA:174,0
DA:176,0
DA:178,0
DA:179,0
DA:182,0
DA:184,0
DA:185,0
DA:186,0
DA:196,0
DA:197,0
DA:199,0
DA:200,0
DA:201,0
DA:202,0
DA:204,0
DA:206,0
DA:207,0
DA:208,0
DA:209,0
DA:210,0
DA:211,0
DA:212,0
DA:213,0
DA:219,0
DA:220,0
DA:222,0
DA:223,0
DA:224,0
DA:225,0
DA:226,0
DA:227,0
DA:228,0
DA:230,0
DA:231,0
DA:235,0
DA:236,0
DA:238,0
DA:239,0
DA:240,0
DA:241,0
DA:250,0
DA:251,0
DA:252,0
DA:253,0
DA:255,0
DA:256,0
DA:258,0
DA:269,0
DA:276,0
DA:278,0
DA:279,0
DA:280,0
DA:281,0
DA:282,0
DA:283,0
DA:288,0
DA:293,0
LF:134
LH:0
end_of_record
SF:lib\widgets\legacy_update_banner.dart
DA:9,2
DA:11,1
DA:12,1
DA:24,1
DA:26,1
DA:27,1
DA:30,1
DA:32,1
DA:33,0
DA:35,0
DA:36,0
DA:39,0
DA:41,0
DA:42,0
DA:43,0
DA:44,0
DA:49,0
DA:50,0
DA:51,0
DA:58,0
DA:61,0
DA:62,0
DA:64,0
DA:65,0
DA:68,0
DA:69,0
DA:71,0
DA:72,0
DA:75,0
DA:76,0
DA:77,0
DA:85,1
DA:87,2
DA:89,0
DA:91,0
DA:93,0
DA:94,0
DA:95,0
DA:97,0
DA:101,0
DA:102,0
DA:105,0
DA:106,0
DA:107,0
DA:108,0
DA:110,0
DA:113,0
DA:115,0
DA:116,0
DA:123,0
DA:124,0
DA:125,0
DA:126,0
DA:133,0
DA:134,0
DA:135,0
DA:137,0
DA:138,0
DA:140,0
DA:148,0
DA:151,0
DA:152,0
DA:153,0
DA:156,0
DA:157,0
DA:158,0
DA:160,0
DA:167,0
DA:168,0
DA:169,0
DA:170,0
LF:71
LH:10
end_of_record
SF:lib\widgets\notification_settings_dialog.dart
DA:8,2
DA:10,1
DA:11,1
DA:24,1
DA:26,1
DA:28,1
DA:30,1
DA:31,1
DA:32,4
DA:33,4
DA:35,1
DA:36,2
DA:37,1
DA:38,1
DA:39,1
DA:40,1
DA:46,1
DA:48,1
DA:49,1
DA:50,2
DA:51,1
DA:58,1
DA:59,1
DA:61,1
DA:62,1
DA:63,1
DA:64,2
DA:65,2
DA:75,1
DA:76,1
DA:77,1
DA:79,1
DA:80,3
DA:81,1
DA:83,1
DA:85,2
DA:90,1
DA:91,1
DA:93,1
DA:94,1
DA:96,1
DA:99,2
DA:103,1
DA:105,1
DA:107,2
DA:118,1
DA:119,1
DA:121,1
DA:123,1
DA:124,1
DA:125,1
DA:128,1
DA:129,1
DA:132,1
DA:133,1
DA:139,1
DA:140,1
DA:142,1
DA:143,1
DA:144,1
DA:147,2
DA:150,1
DA:152,1
DA:155,2
DA:163,1
DA:164,1
DA:166,1
DA:167,1
DA:168,1
DA:169,2
DA:173,1
DA:175,1
DA:177,1
DA:178,1
DA:181,1
DA:182,1
DA:183,2
DA:184,1
DA:189,2
DA:191,1
DA:193,1
DA:194,1
DA:195,1
DA:197,1
DA:198,1
DA:199,1
DA:201,1
DA:205,1
DA:206,1
DA:208,1
DA:210,1
DA:224,1
DA:225,1
DA:227,1
DA:228,1
DA:229,1
DA:230,2
DA:234,1
DA:236,1
DA:237,1
DA:238,1
DA:241,1
DA:242,4
DA:246,1
DA:249,1
DA:250,4
DA:254,1
DA:257,1
DA:258,4
DA:262,1
DA:265,1
DA:266,4
DA:275,1
DA:282,1
DA:283,1
DA:284,1
DA:286,1
DA:287,2
DA:288,1
DA:290,1
DA:293,2
DA:297,1
DA:298,1
DA:300,1
DA:301,1
DA:303,1
DA:306,2
DA:310,1
DA:312,1
DA:314,2
DA:320,1
DA:328,1
DA:329,2
DA:331,1
DA:333,1
DA:334,1
DA:335,1
DA:336,2
DA:340,1
DA:342,1
DA:343,1
DA:344,3
DA:346,3
DA:348,3
DA:350,1
DA:352,1
DA:353,1
DA:354,0
DA:355,0
DA:356,0
DA:374,1
DA:375,1
DA:377,1
DA:378,1
DA:380,1
DA:382,2
DA:385,1
DA:387,1
DA:390,2
DA:397,1
DA:398,1
DA:400,1
DA:401,1
DA:402,1
DA:403,2
DA:408,1
DA:410,1
DA:411,1
DA:412,0
DA:416,1
DA:417,1
DA:418,1
DA:419,2
DA:430,0
DA:434,0
DA:435,0
DA:438,0
DA:439,0
DA:442,0
DA:443,0
DA:447,0
DA:452,0
DA:460,0
LF:183
LH:169
end_of_record
SF:lib\main.dart
DA:7,0
DA:8,0
DA:12,2
DA:14,1
DA:15,1
DA:24,1
DA:26,1
DA:27,2
DA:29,1
DA:33,1
DA:35,1
DA:38,2
DA:41,3
DA:42,0
DA:43,0
DA:44,0
DA:50,2
DA:52,0
DA:55,0
DA:57,0
DA:60,0
DA:61,0
DA:62,0
DA:66,0
DA:68,0
DA:69,0
DA:70,0
DA:71,0
DA:77,1
DA:79,2
DA:80,2
DA:81,2
DA:82,1
DA:85,1
DA:87,1
DA:89,1
DA:90,1
DA:91,1
DA:92,1
DA:93,0
DA:102,1
DA:104,1
DA:106,1
DA:107,3
DA:108,1
DA:109,1
DA:111,1
DA:114,1
DA:116,3
DA:119,1
DA:121,4
DA:122,4
DA:136,0
DA:141,0
DA:142,0
DA:146,0
DA:148,0
DA:151,0
DA:152,0
DA:156,0
DA:159,0
LF:61
LH:35
end_of_record
SF:lib\views\simple_scanner_view.dart
DA:26,1
DA:28,0
DA:29,0
DA:37,0
DA:39,0
DA:40,0
DA:41,0
DA:44,0
DA:46,0
DA:47,0
DA:50,0
DA:51,0
DA:52,0
DA:53,0
DA:57,0
DA:58,0
DA:59,0
DA:60,0
DA:61,0
DA:62,0
DA:63,0
DA:64,0
DA:71,0
DA:72,0
DA:75,0
DA:77,0
DA:78,0
DA:79,0
DA:81,0
DA:96,0
DA:97,0
DA:99,0
DA:100,0
DA:102,0
DA:104,0
DA:106,0
DA:112,0
DA:115,0
DA:117,0
DA:118,0
DA:120,0
DA:121,0
DA:123,0
DA:124,0
DA:128,0
DA:129,0
DA:133,0
DA:134,0
DA:136,0
DA:137,0
DA:144,0
DA:146,0
DA:147,0
DA:154,0
DA:156,0
DA:157,0
DA:158,0
DA:159,0
DA:160,0
DA:161,0
DA:162,0
DA:164,0
DA:174,0
DA:175,0
DA:176,0
DA:177,0
DA:178,0
DA:180,0
DA:181,0
DA:183,0
DA:184,0
DA:191,0
DA:193,0
DA:204,0
DA:205,0
DA:207,0
DA:208,0
DA:212,0
DA:213,0
DA:214,0
DA:215,0
DA:216,0
DA:224,0
DA:225,0
DA:228,0
DA:229,0
DA:232,0
DA:233,0
DA:234,0
DA:235,0
DA:236,0
DA:237,0
DA:242,0
DA:245,0
DA:248,0
DA:253,0
DA:254,0
DA:255,0
DA:256,0
DA:257,0
DA:258,0
DA:259,0
DA:262,0
DA:263,0
DA:264,0
DA:265,0
DA:266,0
DA:267,0
DA:268,0
DA:269,0
DA:270,0
DA:271,0
DA:272,0
DA:273,0
DA:274,0
DA:277,0
DA:278,0
DA:280,0
DA:287,0
DA:288,0
DA:289,0
DA:297,0
DA:298,0
DA:300,0
DA:302,0
DA:303,0
DA:305,0
DA:306,0
DA:310,0
DA:316,0
DA:317,0
DA:320,0
DA:321,0
DA:324,0
DA:325,0
DA:329,0
DA:330,0
DA:331,0
DA:333,0
DA:336,0
DA:339,0
DA:345,0
DA:346,0
DA:347,0
DA:348,0
DA:351,0
DA:352,0
DA:353,0
DA:354,0
DA:356,0
DA:359,0
DA:362,0
DA:363,0
DA:364,0
DA:365,0
DA:366,0
DA:368,0
DA:377,0
DA:378,0
DA:379,0
DA:381,0
DA:383,0
DA:384,0
DA:385,0
DA:386,0
DA:387,0
DA:390,0
DA:391,0
DA:392,0
DA:393,0
DA:394,0
DA:404,0
DA:406,0
DA:410,0
DA:411,0
DA:418,0
DA:419,0
DA:420,0
DA:421,0
DA:423,0
DA:425,0
DA:426,0
DA:427,0
DA:428,0
DA:429,0
DA:433,0
DA:434,0
DA:435,0
DA:436,0
DA:437,0
DA:445,0
DA:451,0
DA:453,0
DA:457,0
DA:458,0
DA:459,0
DA:461,0
DA:463,0
DA:464,0
DA:465,0
DA:469,0
DA:478,0
DA:479,0
DA:490,0
DA:491,0
DA:495,0
DA:496,0
DA:500,0
DA:501,0
DA:502,0
DA:503,0
LF:211
LH:1
end_of_record
SF:lib\widgets\device_list_widget.dart
DA:14,0
DA:22,0
DA:24,0
DA:25,0
DA:27,0
DA:28,0
DA:30,0
DA:31,0
DA:34,0
DA:35,0
DA:36,0
DA:38,0
DA:46,0
DA:47,0
DA:48,0
DA:50,0
DA:51,0
DA:53,0
DA:54,0
DA:55,0
DA:57,0
DA:60,0
DA:64,0
DA:66,0
DA:69,0
DA:73,0
DA:75,0
DA:76,0
DA:82,0
DA:83,0
DA:85,0
DA:86,0
DA:88,0
DA:90,0
DA:91,0
DA:92,0
DA:94,0
DA:96,0
DA:97,0
DA:100,0
DA:102,0
DA:106,0
DA:108,0
DA:109,0
DA:126,0
DA:127,0
DA:128,0
DA:129,0
DA:130,0
DA:132,0
DA:134,0
DA:135,0
DA:137,0
DA:138,0
DA:143,0
DA:144,0
DA:145,0
DA:151,0
DA:153,0
DA:154,0
DA:156,0
DA:159,0
DA:160,0
DA:161,0
DA:162,0
DA:164,0
DA:166,0
DA:168,0
DA:169,0
DA:171,0
DA:173,0
DA:185,0
DA:186,0
DA:187,0
DA:188,0
DA:190,0
DA:191,0
DA:192,0
DA:194,0
DA:196,0
DA:201,0
DA:202,0
DA:204,0
DA:205,0
DA:206,0
DA:207,0
DA:210,0
DA:214,0
DA:215,0
DA:216,0
DA:218,0
DA:225,0
DA:231,0
DA:232,0
DA:233,0
DA:234,0
DA:235,0
DA:237,0
DA:239,0
DA:241,0
DA:248,0
DA:249,0
DA:251,0
DA:252,0
DA:254,0
DA:255,0
DA:259,0
DA:261,0
DA:262,0
DA:272,0
DA:273,0
DA:274,0
DA:275,0
DA:276,0
DA:277,0
DA:278,0
DA:281,0
DA:282,0
DA:283,0
DA:284,0
DA:285,0
DA:289,0
DA:290,0
DA:292,0
DA:294,0
DA:295,0
DA:297,0
DA:299,0
DA:300,0
DA:301,0
DA:309,0
DA:310,0
DA:311,0
DA:313,0
DA:314,0
DA:315,0
DA:316,0
DA:317,0
DA:320,0
DA:326,0
DA:327,0
DA:329,0
DA:331,0
DA:334,0
DA:338,0
DA:342,0
DA:343,0
DA:346,0
DA:347,0
DA:356,0
DA:357,0
DA:358,0
DA:360,0
DA:362,0
DA:363,0
DA:364,0
DA:365,0
DA:367,0
LF:158
LH:0
end_of_record
SF:lib\widgets\update_notification_banner.dart
DA:11,0
DA:16,0
DA:17,0
DA:27,0
DA:29,0
DA:32,0
DA:37,0
DA:38,0
DA:40,0
DA:41,0
DA:46,0
DA:49,0
DA:51,0
DA:52,0
DA:55,0
DA:57,0
DA:59,0
DA:60,0
DA:61,0
DA:65,0
DA:66,0
DA:67,0
DA:68,0
DA:69,0
DA:70,0
DA:76,0
DA:77,0
DA:78,0
DA:79,0
DA:83,0
DA:86,0
DA:87,0
DA:90,0
DA:94,0
DA:95,0
DA:96,0
DA:97,0
DA:98,0
DA:99,0
DA:102,0
DA:103,0
DA:104,0
DA:108,0
DA:109,0
DA:110,0
DA:111,0
DA:117,0
DA:119,0
DA:120,0
DA:121,0
DA:122,0
DA:124,0
DA:125,0
DA:127,0
DA:129,0
DA:130,0
DA:133,0
DA:134,0
DA:142,0
DA:143,0
DA:145,0
DA:146,0
DA:147,0
DA:155,0
DA:156,0
DA:157,0
DA:158,0
DA:167,0
DA:168,0
DA:169,0
DA:180,0
DA:181,0
DA:183,0
DA:185,0
DA:186,0
DA:187,0
DA:188,0
DA:194,0
DA:195,0
DA:213,0
DA:214,0
DA:215,0
DA:216,0
DA:217,0
DA:218,0
DA:219,0
DA:220,0
DA:222,0
DA:226,0
DA:227,0
DA:228,0
DA:230,0
DA:232,0
DA:239,0
DA:240,0
DA:241,0
DA:243,0
DA:245,0
DA:252,0
DA:253,0
DA:256,0
DA:257,0
DA:258,0
DA:259,0
DA:260,0
DA:261,0
DA:263,0
LF:107
LH:0
end_of_record
SF:lib\widgets\control_panel_widget.dart
DA:11,0
DA:16,0
DA:18,0
DA:21,0
DA:22,0
DA:23,0
DA:24,0
DA:25,0
DA:30,0
DA:31,0
DA:32,0
DA:33,0
DA:39,0
DA:40,0
DA:41,0
DA:42,0
DA:43,0
DA:44,0
DA:45,0
DA:47,0
DA:48,0
DA:49,0
DA:52,0
DA:53,0
DA:61,0
DA:62,0
DA:63,0
DA:64,0
DA:65,0
DA:67,0
DA:68,0
DA:69,0
DA:76,0
DA:82,0
DA:83,0
DA:84,0
DA:86,0
DA:87,0
DA:88,0
DA:90,0
DA:91,0
DA:93,0
DA:94,0
DA:95,0
DA:96,0
LF:45
LH:0
end_of_record
SF:lib\widgets\scanning_indicator_widget.dart
DA:8,0
DA:13,0
DA:15,0
DA:16,0
DA:18,0
DA:19,0
DA:22,0
DA:26,0
DA:27,0
DA:28,0
DA:32,0
DA:33,0
DA:35,0
DA:37,0
DA:38,0
DA:41,0
DA:43,0
DA:47,0
DA:49,0
DA:50,0
LF:20
LH:0
end_of_record
SF:lib\widgets\quick_stats_widget.dart
DA:12,0
DA:17,0
DA:19,0
DA:20,0
DA:22,0
DA:23,0
DA:24,0
DA:26,0
DA:27,0
DA:28,0
DA:29,0
DA:33,0
DA:36,0
DA:38,0
DA:39,0
DA:40,0
DA:50,0
DA:51,0
DA:52,0
DA:53,0
DA:56,0
DA:59,0
DA:63,0
DA:65,0
DA:68,0
LF:25
LH:0
end_of_record
SF:lib\widgets\device_grid_widget.dart
DA:13,0
DA:19,0
DA:21,0
DA:22,0
DA:24,0
DA:25,0
DA:27,0
DA:28,0
DA:31,0
DA:33,0
DA:34,0
DA:35,0
DA:41,0
DA:42,0
DA:48,0
DA:49,0
DA:50,0
DA:51,0
DA:52,0
DA:54,0
DA:55,0
DA:56,0
DA:57,0
DA:58,0
DA:60,0
DA:61,0
DA:65,0
DA:66,0
DA:69,0
DA:70,0
DA:73,0
DA:79,0
DA:80,0
DA:82,0
DA:85,0
DA:87,0
DA:89,0
DA:90,0
DA:91,0
DA:93,0
DA:94,0
DA:97,0
DA:108,0
DA:109,0
DA:110,0
DA:112,0
DA:113,0
DA:115,0
DA:116,0
DA:117,0
DA:119,0
DA:122,0
DA:126,0
DA:130,0
DA:133,0
DA:136,0
LF:56
LH:0
end_of_record
SF:lib\views\update_settings_view.dart
DA:11,1
DA:13,0
DA:14,0
DA:26,0
DA:28,0
DA:29,0
DA:30,0
DA:33,0
DA:35,0
DA:36,0
DA:37,0
DA:38,0
DA:41,0
DA:42,0
DA:43,0
DA:48,0
DA:49,0
DA:50,0
DA:51,0
DA:52,0
DA:56,0
DA:59,0
DA:60,0
DA:61,0
DA:63,0
DA:67,0
DA:69,0
DA:70,0
DA:72,0
DA:74,0
DA:75,0
DA:76,0
DA:77,0
DA:88,0
DA:90,0
DA:94,0
DA:95,0
DA:101,0
DA:103,0
DA:104,0
DA:105,0
DA:108,0
DA:109,0
DA:110,0
DA:114,0
DA:115,0
DA:119,0
DA:121,0
DA:122,0
DA:124,0
DA:126,0
DA:128,0
DA:130,0
DA:132,0
DA:139,0
DA:140,0
DA:143,0
DA:144,0
DA:145,0
DA:146,0
DA:147,0
DA:151,0
DA:152,0
DA:153,0
DA:155,0
DA:156,0
DA:157,0
DA:159,0
DA:160,0
DA:161,0
DA:166,0
DA:167,0
DA:169,0
DA:170,0
DA:172,0
DA:175,0
DA:179,0
DA:180,0
DA:181,0
DA:182,0
DA:193,0
DA:194,0
DA:197,0
DA:198,0
DA:201,0
DA:202,0
DA:203,0
DA:204,0
DA:206,0
DA:209,0
DA:212,0
DA:214,0
DA:215,0
DA:217,0
DA:218,0
DA:220,0
DA:229,0
DA:230,0
DA:233,0
DA:234,0
DA:237,0
DA:238,0
DA:239,0
DA:240,0
DA:242,0
DA:245,0
DA:248,0
DA:249,0
DA:250,0
DA:251,0
DA:253,0
DA:260,0
DA:261,0
DA:264,0
DA:265,0
DA:266,0
DA:268,0
DA:270,0
DA:271,0
DA:277,0
DA:279,0
DA:280,0
DA:282,0
DA:283,0
DA:284,0
DA:286,0
DA:290,0
DA:291,0
DA:293,0
DA:294,0
DA:295,0
DA:296,0
DA:298,0
DA:308,0
DA:309,0
DA:311,0
DA:314,0
DA:315,0
DA:317,0
DA:318,0
DA:322,0
DA:324,0
DA:325,0
DA:333,0
DA:334,0
DA:337,0
DA:338,0
DA:342,0
DA:348,0
DA:353,0
DA:355,0
DA:356,0
DA:357,0
DA:358,0
DA:360,0
DA:361,0
DA:367,0
DA:368,0
DA:369,0
DA:371,0
DA:373,0
DA:376,0
DA:382,0
DA:388,0
DA:394,0
DA:395,0
DA:396,0
DA:399,0
DA:403,0
DA:410,0
DA:411,0
DA:412,0
DA:413,0
DA:416,0
DA:418,0
DA:419,0
DA:421,0
DA:424,0
DA:426,0
DA:428,0
DA:433,0
DA:434,0
DA:435,0
DA:439,0
DA:441,0
DA:442,0
DA:443,0
DA:449,0
DA:450,0
DA:451,0
DA:452,0
DA:457,0
DA:458,0
DA:459,0
DA:462,0
DA:463,0
DA:464,0
DA:465,0
DA:474,0
DA:475,0
DA:476,0
DA:478,0
DA:480,0
DA:487,0
DA:488,0
DA:491,0
DA:492,0
LF:207
LH:1
end_of_record
